<?xml version="1.0" encoding="UTF-8"?>
<!-- Generated by org.testng.reporters.JUnitReportReporter -->
<testsuite skipped="0" hostname="DESKTOP-NUSE0B9" name="com.vtiger.tests.LoginTest" tests="2" failures="0" timestamp="31 Aug 2020 04:04:35 GMT" time="2.698" errors="0">
  <testcase name="verifyLoginPageContent" time="0.093" classname="com.vtiger.tests.LoginTest"/>
  <testcase name="validLogin" time="2.605" classname="com.vtiger.tests.LoginTest"/>
</testsuite> <!-- com.vtiger.tests.LoginTest -->
