<?xml version="1.0" encoding="UTF-8"?>
<!-- Generated by org.testng.reporters.JUnitReportReporter -->
<testsuite skipped="0" hostname="DESKTOP-NUSE0B9" name="com.vtiger.tests.LeadE2E" tests="1" failures="0" timestamp="31 Aug 2020 04:04:35 GMT" time="5.341" errors="0">
  <testcase name="verifyLeadE2Efunctionality" time="5.341" classname="com.vtiger.tests.LeadE2E"/>
</testsuite> <!-- com.vtiger.tests.LeadE2E -->
